# JRE version: OpenJDK Runtime Environment (21.0.8) (build 21.0.8+-14196175-b1038.72)
# Java VM: OpenJDK 64-Bit Server VM (21.0.8+-14196175-b1038.72, mixed mode, tiered, compressed oops, compressed class ptrs, g1 gc, windows-amd64)
GC Precious Log:
 CardTable entry size: 512
 Card Set container configuration: InlinePtr #cards 4 size 8 Array Of Cards #cards 32 size 80 Howl #buckets 8 coarsen threshold 7372 Howl Bitmap #cards 1024 size 144 coarsen threshold 921 Card regions per heap region 1 cards per card region 8192
 CPUs: 4 total, 4 available
 Memory: 3968M
 Large Page Support: Disabled
 NUMA Support: Disabled
 Compressed Oops: Enabled (Zero based)
 Heap Region Size: 4M
 Heap Min Capacity: 8M
 Heap Initial Capacity: 64M
 Heap Max Capacity: 8G
 Pre-touch: Disabled
 Parallel Workers: 4
 Concurrent Workers: 1
 Concurrent Refinement Workers: 4
 Periodic GC: Disabled
Heap:
 garbage-first heap   total 737280K, used 292274K [0x0000000600000000, 0x0000000800000000)
  region size 4096K, 11 young (45056K), 2 survivors (8192K)
 Metaspace       used 143323K, committed 145728K, reserved 1179648K
  class space    used 19892K, committed 21056K, reserved 1048576K
GC Heap History (20 events):
Event: 723.427 GC heap before
{Heap before GC invocations=78 (full 0):
 garbage-first heap   total 638976K, used 556910K [0x0000000600000000, 0x0000000800000000)
  region size 4096K, 92 young (376832K), 3 survivors (12288K)
 Metaspace       used 140503K, committed 142912K, reserved 1179648K
  class space    used 19568K, committed 20736K, reserved 1048576K
}
Event: 726.051 GC heap after
{Heap after GC invocations=79 (full 0):
 garbage-first heap   total 638976K, used 210191K [0x0000000600000000, 0x0000000800000000)
  region size 4096K, 8 young (32768K), 8 survivors (32768K)
 Metaspace       used 140503K, committed 142912K, reserved 1179648K
  class space    used 19568K, committed 20736K, reserved 1048576K
}
Event: 729.239 GC heap before
{Heap before GC invocations=79 (full 0):
 garbage-first heap   total 638976K, used 214287K [0x0000000600000000, 0x0000000800000000)
  region size 4096K, 9 young (36864K), 8 survivors (32768K)
 Metaspace       used 140504K, committed 142912K, reserved 1179648K
  class space    used 19568K, committed 20736K, reserved 1048576K
}
Event: 729.421 GC heap after
{Heap after GC invocations=80 (full 0):
 garbage-first heap   total 638976K, used 213600K [0x0000000600000000, 0x0000000800000000)
  region size 4096K, 1 young (4096K), 1 survivors (4096K)
 Metaspace       used 140504K, committed 142912K, reserved 1179648K
  class space    used 19568K, committed 20736K, reserved 1048576K
}
Event: 791.953 GC heap before
{Heap before GC invocations=80 (full 0):
 garbage-first heap   total 638976K, used 299616K [0x0000000600000000, 0x0000000800000000)
  region size 4096K, 23 young (94208K), 1 survivors (4096K)
 Metaspace       used 140742K, committed 143168K, reserved 1179648K
  class space    used 19583K, committed 20736K, reserved 1048576K
}
Event: 792.313 GC heap after
{Heap after GC invocations=81 (full 0):
 garbage-first heap   total 831488K, used 216901K [0x0000000600000000, 0x0000000800000000)
  region size 4096K, 2 young (8192K), 2 survivors (8192K)
 Metaspace       used 140742K, committed 143168K, reserved 1179648K
  class space    used 19583K, committed 20736K, reserved 1048576K
}
Event: 812.125 GC heap before
{Heap before GC invocations=82 (full 0):
 garbage-first heap   total 737280K, used 245573K [0x0000000600000000, 0x0000000800000000)
  region size 4096K, 9 young (36864K), 2 survivors (8192K)
 Metaspace       used 140868K, committed 143296K, reserved 1179648K
  class space    used 19599K, committed 20736K, reserved 1048576K
}
Event: 812.212 GC heap after
{Heap after GC invocations=83 (full 0):
 garbage-first heap   total 737280K, used 218474K [0x0000000600000000, 0x0000000800000000)
  region size 4096K, 1 young (4096K), 1 survivors (4096K)
 Metaspace       used 140868K, committed 143296K, reserved 1179648K
  class space    used 19599K, committed 20736K, reserved 1048576K
}
Event: 828.225 GC heap before
{Heap before GC invocations=83 (full 0):
 garbage-first heap   total 737280K, used 247146K [0x0000000600000000, 0x0000000800000000)
  region size 4096K, 9 young (36864K), 1 survivors (4096K)
 Metaspace       used 142371K, committed 144768K, reserved 1179648K
  class space    used 19777K, committed 20928K, reserved 1048576K
}
Event: 828.377 GC heap after
{Heap after GC invocations=84 (full 0):
 garbage-first heap   total 737280K, used 221512K [0x0000000600000000, 0x0000000800000000)
  region size 4096K, 2 young (8192K), 2 survivors (8192K)
 Metaspace       used 142371K, committed 144768K, reserved 1179648K
  class space    used 19777K, committed 20928K, reserved 1048576K
}
Event: 831.643 GC heap before
{Heap before GC invocations=84 (full 0):
 garbage-first heap   total 737280K, used 246088K [0x0000000600000000, 0x0000000800000000)
  region size 4096K, 9 young (36864K), 2 survivors (8192K)
 Metaspace       used 142442K, committed 144832K, reserved 1179648K
  class space    used 19786K, committed 20928K, reserved 1048576K
}
Event: 831.908 GC heap after
{Heap after GC invocations=85 (full 0):
 garbage-first heap   total 737280K, used 227833K [0x0000000600000000, 0x0000000800000000)
  region size 4096K, 2 young (8192K), 2 survivors (8192K)
 Metaspace       used 142442K, committed 144832K, reserved 1179648K
  class space    used 19786K, committed 20928K, reserved 1048576K
}
Event: 834.303 GC heap before
{Heap before GC invocations=85 (full 0):
 garbage-first heap   total 737280K, used 256505K [0x0000000600000000, 0x0000000800000000)
  region size 4096K, 9 young (36864K), 2 survivors (8192K)
 Metaspace       used 142448K, committed 144832K, reserved 1179648K
  class space    used 19786K, committed 20928K, reserved 1048576K
}
Event: 834.403 GC heap after
{Heap after GC invocations=86 (full 0):
 garbage-first heap   total 737280K, used 235124K [0x0000000600000000, 0x0000000800000000)
  region size 4096K, 2 young (8192K), 2 survivors (8192K)
 Metaspace       used 142448K, committed 144832K, reserved 1179648K
  class space    used 19786K, committed 20928K, reserved 1048576K
}
Event: 837.493 GC heap before
{Heap before GC invocations=86 (full 0):
 garbage-first heap   total 737280K, used 259700K [0x0000000600000000, 0x0000000800000000)
  region size 4096K, 9 young (36864K), 2 survivors (8192K)
 Metaspace       used 142452K, committed 144832K, reserved 1179648K
  class space    used 19786K, committed 20928K, reserved 1048576K
}
Event: 837.511 GC heap after
{Heap after GC invocations=87 (full 0):
 garbage-first heap   total 737280K, used 243829K [0x0000000600000000, 0x0000000800000000)
  region size 4096K, 2 young (8192K), 2 survivors (8192K)
 Metaspace       used 142452K, committed 144832K, reserved 1179648K
  class space    used 19786K, committed 20928K, reserved 1048576K
}
Event: 838.544 GC heap before
{Heap before GC invocations=87 (full 0):
 garbage-first heap   total 737280K, used 272501K [0x0000000600000000, 0x0000000800000000)
  region size 4096K, 9 young (36864K), 2 survivors (8192K)
 Metaspace       used 142459K, committed 144832K, reserved 1179648K
  class space    used 19786K, committed 20928K, reserved 1048576K
}
Event: 838.590 GC heap after
{Heap after GC invocations=88 (full 0):
 garbage-first heap   total 737280K, used 251505K [0x0000000600000000, 0x0000000800000000)
  region size 4096K, 2 young (8192K), 2 survivors (8192K)
 Metaspace       used 142459K, committed 144832K, reserved 1179648K
  class space    used 19786K, committed 20928K, reserved 1048576K
}
Event: 841.424 GC heap before
{Heap before GC invocations=88 (full 0):
 garbage-first heap   total 737280K, used 276081K [0x0000000600000000, 0x0000000800000000)
  region size 4096K, 9 young (36864K), 2 survivors (8192K)
 Metaspace       used 142618K, committed 145024K, reserved 1179648K
  class space    used 19816K, committed 20992K, reserved 1048576K
}
Event: 841.530 GC heap after
{Heap after GC invocations=89 (full 0):
 garbage-first heap   total 737280K, used 259506K [0x0000000600000000, 0x0000000800000000)
  region size 4096K, 2 young (8192K), 2 survivors (8192K)
 Metaspace       used 142618K, committed 145024K, reserved 1179648K
  class space    used 19816K, committed 20992K, reserved 1048576K
}

