# JRE version: OpenJDK Runtime Environment (21.0.8) (build 21.0.8+-14196175-b1038.72)
# Java VM: OpenJDK 64-Bit Server VM (21.0.8+-14196175-b1038.72, mixed mode, tiered, compressed oops, compressed class ptrs, g1 gc, windows-amd64)
GC Precious Log:
 CardTable entry size: 512
 Card Set container configuration: InlinePtr #cards 5 size 8 Array Of Cards #cards 12 size 40 Howl #buckets 4 coarsen threshold 1843 Howl Bitmap #cards 512 size 80 coarsen threshold 460 Card regions per heap region 1 cards per card region 2048
 CPUs: 4 total, 4 available
 Memory: 3968M
 Large Page Support: Disabled
 NUMA Support: Disabled
 Compressed Oops: Enabled (32-bit)
 Heap Region Size: 1M
 Heap Min Capacity: 8M
 Heap Initial Capacity: 64M
 Heap Max Capacity: 2G
 Pre-touch: Disabled
 Parallel Workers: 4
 Concurrent Workers: 1
 Concurrent Refinement Workers: 4
 Periodic GC: Disabled
Heap:
 garbage-first heap   total 65536K, used 47935K [0x0000000080000000, 0x0000000100000000)
  region size 1024K, 18 young (18432K), 1 survivors (1024K)
 Metaspace       used 47211K, committed 48192K, reserved 491520K
  class space    used 6367K, committed 6848K, reserved 425984K
GC Heap History (20 events):
Event: 7.936 GC heap before
{Heap before GC invocations=3 (full 0):
 garbage-first heap   total 65536K, used 50826K [0x0000000080000000, 0x0000000100000000)
  region size 1024K, 38 young (38912K), 2 survivors (2048K)
 Metaspace       used 13535K, committed 13760K, reserved 491520K
  class space    used 1548K, committed 1664K, reserved 425984K
}
Event: 7.945 GC heap after
{Heap after GC invocations=4 (full 0):
 garbage-first heap   total 65536K, used 17139K [0x0000000080000000, 0x0000000100000000)
  region size 1024K, 5 young (5120K), 5 survivors (5120K)
 Metaspace       used 13535K, committed 13760K, reserved 491520K
  class space    used 1548K, committed 1664K, reserved 425984K
}
Event: 10.006 GC heap before
{Heap before GC invocations=4 (full 0):
 garbage-first heap   total 65536K, used 40691K [0x0000000080000000, 0x0000000100000000)
  region size 1024K, 29 young (29696K), 5 survivors (5120K)
 Metaspace       used 21228K, committed 21504K, reserved 491520K
  class space    used 2543K, committed 2688K, reserved 425984K
}
Event: 10.019 GC heap after
{Heap after GC invocations=5 (full 0):
 garbage-first heap   total 65536K, used 21104K [0x0000000080000000, 0x0000000100000000)
  region size 1024K, 4 young (4096K), 4 survivors (4096K)
 Metaspace       used 21228K, committed 21504K, reserved 491520K
  class space    used 2543K, committed 2688K, reserved 425984K
}
Event: 38.321 GC heap before
{Heap before GC invocations=6 (full 0):
 garbage-first heap   total 65536K, used 50800K [0x0000000080000000, 0x0000000100000000)
  region size 1024K, 33 young (33792K), 4 survivors (4096K)
 Metaspace       used 26656K, committed 27072K, reserved 491520K
  class space    used 3352K, committed 3584K, reserved 425984K
}
Event: 38.362 GC heap after
{Heap after GC invocations=7 (full 0):
 garbage-first heap   total 65536K, used 22514K [0x0000000080000000, 0x0000000100000000)
  region size 1024K, 2 young (2048K), 2 survivors (2048K)
 Metaspace       used 26656K, committed 27072K, reserved 491520K
  class space    used 3352K, committed 3584K, reserved 425984K
}
Event: 43.891 GC heap before
{Heap before GC invocations=7 (full 0):
 garbage-first heap   total 65536K, used 52210K [0x0000000080000000, 0x0000000100000000)
  region size 1024K, 32 young (32768K), 2 survivors (2048K)
 Metaspace       used 30692K, committed 31232K, reserved 491520K
  class space    used 4085K, committed 4352K, reserved 425984K
}
Event: 43.904 GC heap after
{Heap after GC invocations=8 (full 0):
 garbage-first heap   total 65536K, used 24398K [0x0000000080000000, 0x0000000100000000)
  region size 1024K, 4 young (4096K), 4 survivors (4096K)
 Metaspace       used 30692K, committed 31232K, reserved 491520K
  class space    used 4085K, committed 4352K, reserved 425984K
}
Event: 47.453 GC heap before
{Heap before GC invocations=8 (full 0):
 garbage-first heap   total 65536K, used 54094K [0x0000000080000000, 0x0000000100000000)
  region size 1024K, 33 young (33792K), 4 survivors (4096K)
 Metaspace       used 34958K, committed 35776K, reserved 491520K
  class space    used 4801K, committed 5184K, reserved 425984K
}
Event: 47.468 GC heap after
{Heap after GC invocations=9 (full 0):
 garbage-first heap   total 65536K, used 26467K [0x0000000080000000, 0x0000000100000000)
  region size 1024K, 5 young (5120K), 5 survivors (5120K)
 Metaspace       used 34958K, committed 35776K, reserved 491520K
  class space    used 4801K, committed 5184K, reserved 425984K
}
Event: 47.548 GC heap before
{Heap before GC invocations=9 (full 0):
 garbage-first heap   total 65536K, used 27491K [0x0000000080000000, 0x0000000100000000)
  region size 1024K, 7 young (7168K), 5 survivors (5120K)
 Metaspace       used 35181K, committed 35968K, reserved 491520K
  class space    used 4820K, committed 5184K, reserved 425984K
}
Event: 47.560 GC heap after
{Heap after GC invocations=10 (full 0):
 garbage-first heap   total 65536K, used 26460K [0x0000000080000000, 0x0000000100000000)
  region size 1024K, 2 young (2048K), 2 survivors (2048K)
 Metaspace       used 35181K, committed 35968K, reserved 491520K
  class space    used 4820K, committed 5184K, reserved 425984K
}
Event: 50.177 GC heap before
{Heap before GC invocations=11 (full 0):
 garbage-first heap   total 65536K, used 56156K [0x0000000080000000, 0x0000000100000000)
  region size 1024K, 32 young (32768K), 2 survivors (2048K)
 Metaspace       used 41798K, committed 42624K, reserved 491520K
  class space    used 5660K, committed 6016K, reserved 425984K
}
Event: 50.187 GC heap after
{Heap after GC invocations=12 (full 0):
 garbage-first heap   total 65536K, used 29400K [0x0000000080000000, 0x0000000100000000)
  region size 1024K, 4 young (4096K), 4 survivors (4096K)
 Metaspace       used 41798K, committed 42624K, reserved 491520K
  class space    used 5660K, committed 6016K, reserved 425984K
}
Event: 51.000 GC heap before
{Heap before GC invocations=12 (full 0):
 garbage-first heap   total 65536K, used 56024K [0x0000000080000000, 0x0000000100000000)
  region size 1024K, 31 young (31744K), 4 survivors (4096K)
 Metaspace       used 43384K, committed 44288K, reserved 491520K
  class space    used 5828K, committed 6272K, reserved 425984K
}
Event: 51.020 GC heap after
{Heap after GC invocations=13 (full 0):
 garbage-first heap   total 65536K, used 31670K [0x0000000080000000, 0x0000000100000000)
  region size 1024K, 3 young (3072K), 3 survivors (3072K)
 Metaspace       used 43384K, committed 44288K, reserved 491520K
  class space    used 5828K, committed 6272K, reserved 425984K
}
Event: 51.573 GC heap before
{Heap before GC invocations=13 (full 0):
 garbage-first heap   total 65536K, used 37814K [0x0000000080000000, 0x0000000100000000)
  region size 1024K, 10 young (10240K), 3 survivors (3072K)
 Metaspace       used 44201K, committed 45120K, reserved 491520K
  class space    used 5954K, committed 6400K, reserved 425984K
}
Event: 51.577 GC heap after
{Heap after GC invocations=14 (full 0):
 garbage-first heap   total 65536K, used 32015K [0x0000000080000000, 0x0000000100000000)
  region size 1024K, 1 young (1024K), 1 survivors (1024K)
 Metaspace       used 44201K, committed 45120K, reserved 491520K
  class space    used 5954K, committed 6400K, reserved 425984K
}
Event: 52.051 GC heap before
{Heap before GC invocations=15 (full 0):
 garbage-first heap   total 65536K, used 59663K [0x0000000080000000, 0x0000000100000000)
  region size 1024K, 26 young (26624K), 1 survivors (1024K)
 Metaspace       used 45369K, committed 46272K, reserved 491520K
  class space    used 6025K, committed 6464K, reserved 425984K
}
Event: 52.054 GC heap after
{Heap after GC invocations=16 (full 0):
 garbage-first heap   total 65536K, used 31551K [0x0000000080000000, 0x0000000100000000)
  region size 1024K, 1 young (1024K), 1 survivors (1024K)
 Metaspace       used 45369K, committed 46272K, reserved 491520K
  class space    used 6025K, committed 6464K, reserved 425984K
}

